<?xml version="1.0" encoding="UTF-8"?>
<testsuite xmlns:xsi="http://www.w3.org/2001/XMLSchema-instance" xsi:schemaLocation="https://maven.apache.org/surefire/maven-surefire-plugin/xsd/surefire-test-report.xsd" name="TestSuite" time="59.895" tests="8" errors="0" skipped="0" failures="0">
  <properties>
[...]
</properties>
  <testcase name="testLanguage" classname="scripts.Test1" time="3.177"/>
  <testcase name="testLanguage" classname="scripts.Test1" time="1.678"/>
  <testcase name="testSearch" classname="scripts.Test2" time="2.437"/>
  <testcase name="testSearch" classname="scripts.Test2" time="2.612"/>
  <testcase name="testPromo" classname="scripts.Test3" time="1.37"/>
  <testcase name="testPromo" classname="scripts.Test3" time="2.069"/>
  <testcase name="testAddToCart" classname="scripts.Test4" time="4.751"/>
  <testcase name="testValidateUrls" classname="scripts.Test5" time="3.756"/>
</testsuite>